No regularization
-----------------------------
| Cost           | 42       |
| EpisodeLength  | 99       |
| EpisodeScore   | 183      |
| FPS            | 5.44     |
| Loss           | 0        |
| Max score seen | 290      |
| NumAch         | 7        |
| Reward         | 265      |
| Step           | 100      |
-----------------------------
-----------------------------
| Cost           | 25       |
| EpisodeLength  | 187      |
| EpisodeScore   | 158      |
| FPS            | 5.52     |
| Loss           | 0        |
| Max score seen | 390      |
| NumAch         | 6        |
| Reward         | 195      |
| Step           | 200      |
-----------------------------
-----------------------------
| Cost           | 43       |
| EpisodeLength  | 283      |
| EpisodeScore   | 161      |
| FPS            | 5.51     |
| Loss           | 0        |
| Max score seen | 390      |
| NumAch         | 6        |
| Reward         | 210      |
| Step           | 300      |
-----------------------------
-----------------------------
| Cost           | 34       |
| EpisodeLength  | 374      |
| EpisodeScore   | 231      |
| FPS            | 5.57     |
| Loss           | 0        |
| Max score seen | 390      |
| NumAch         | 8        |
| Reward         | 320      |
| Step           | 400      |
-----------------------------
-----------------------------
| Cost           | 57       |
| EpisodeLength  | 475      |
| EpisodeScore   | 334      |
| FPS            | 5.63     |
| Loss           | 0        |
| Max score seen | 590      |
| NumAch         | 8        |
| Reward         | 365      |
| Step           | 500      |
-----------------------------
-----------------------------
| Cost           | 44       |
| EpisodeLength  | 579      |
| EpisodeScore   | 248      |
| FPS            | 5.63     |
| Loss           | 0        |
| Max score seen | 590      |
| NumAch         | 4        |
| Reward         | 160      |
| Step           | 600      |
-----------------------------
-----------------------------
| Cost           | 48       |
| EpisodeLength  | 678      |
| EpisodeScore   | 378      |
| FPS            | 5.61     |
| Loss           | 0        |
| Max score seen | 635      |
| NumAch         | 6        |
| Reward         | 285      |
| Step           | 700      |
-----------------------------
-----------------------------
| Cost           | 37       |
| EpisodeLength  | 792      |
| EpisodeScore   | 196      |
| FPS            | 5.62     |
| Loss           | 0        |
| Max score seen | 635      |
| NumAch         | 6        |
| Reward         | 330      |
| Step           | 800      |
-----------------------------
-----------------------------
| Cost           | 39       |
| EpisodeLength  | 879      |
| EpisodeScore   | 242      |
| FPS            | 5.61     |
| Loss           | 0        |
| Max score seen | 635      |
| NumAch         | 3        |
| Reward         | 210      |
| Step           | 900      |
-----------------------------
-----------------------------
| Cost           | 32       |
| EpisodeLength  | 958      |
| EpisodeScore   | 284      |
| FPS            | 5.62     |
| Loss           | 0        |
| Max score seen | 635      |
| NumAch         | 4        |
| Reward         | 220      |
| Step           | 1000     |
-----------------------------
empty cache
-----------------------------
| Cost           | 55       |
| EpisodeLength  | 1059     |
| EpisodeScore   | 308      |
| FPS            | 5.62     |
| Loss           | 0        |
| Max score seen | 635      |
| NumAch         | 5        |
| Reward         | 260      |
| Step           | 1100     |
-----------------------------
-----------------------------
| Cost           | 32       |
| EpisodeLength  | 1151     |
| EpisodeScore   | 254      |
| FPS            | 5.64     |
| Loss           | 0        |
| Max score seen | 635      |
| NumAch         | 6        |
| Reward         | 285      |
| Step           | 1200     |
-----------------------------
-----------------------------
| Cost           | 34       |
| EpisodeLength  | 1240     |
| EpisodeScore   | 279      |
| FPS            | 5.64     |
| Loss           | 0        |
| Max score seen | 635      |
| NumAch         | 6        |
| Reward         | 270      |
| Step           | 1300     |
-----------------------------
-----------------------------
| Cost           | 45       |
| EpisodeLength  | 1328     |
| EpisodeScore   | 205      |
| FPS            | 5.64     |
| Loss           | 0        |
| Max score seen | 635      |
| NumAch         | 4        |
| Reward         | 220      |
| Step           | 1400     |
-----------------------------
-----------------------------
| Cost           | 42       |
| EpisodeLength  | 1427     |
| EpisodeScore   | 281      |
| FPS            | 5.64     |
| Loss           | 0        |
| Max score seen | 635      |
| NumAch         | 9        |
| Reward         | 525      |
| Step           | 1500     |
-----------------------------
-----------------------------
| Cost           | 55       |
| EpisodeLength  | 1519     |
| EpisodeScore   | 274      |
| FPS            | 5.63     |
| Loss           | 0        |
| Max score seen | 635      |
| NumAch         | 9        |
| Reward         | 390      |
| Step           | 1600     |
-----------------------------
-----------------------------
| Cost           | 44       |
| EpisodeLength  | 1696     |
| EpisodeScore   | 204      |
| FPS            | 5.63     |
| Loss           | 0        |
| Max score seen | 635      |
| NumAch         | 8        |
| Reward         | 320      |
| Step           | 1700     |
-----------------------------
-----------------------------
| Cost           | 39       |
| EpisodeLength  | 1799     |
| EpisodeScore   | 285      |
| FPS            | 5.64     |
| Loss           | 0        |
| Max score seen | 635      |
| NumAch         | 4        |
| Reward         | 310      |
| Step           | 1800     |
-----------------------------
-----------------------------
| Cost           | 33       |
| EpisodeLength  | 1899     |
| EpisodeScore   | 125      |
| FPS            | 5.64     |
| Loss           | 0        |
| Max score seen | 635      |
| NumAch         | 5        |
| Reward         | 170      |
| Step           | 1900     |
-----------------------------
-----------------------------
| Cost           | 28       |
| EpisodeLength  | 1988     |
| EpisodeScore   | 178      |
| FPS            | 5.65     |
| Loss           | 0        |
| Max score seen | 635      |
| NumAch         | 3        |
| Reward         | 135      |
| Step           | 2000     |
-----------------------------
empty cache
-----------------------------
| Cost           | 39       |
| EpisodeLength  | 2097     |
| EpisodeScore   | 239      |
| FPS            | 5.65     |
| Loss           | 0        |
| Max score seen | 635      |
| NumAch         | 2        |
| Reward         | 35       |
| Step           | 2100     |
-----------------------------
-----------------------------
| Cost           | 47       |
| EpisodeLength  | 2195     |
| EpisodeScore   | 292      |
| FPS            | 5.64     |
| Loss           | 0        |
| Max score seen | 635      |
| NumAch         | 6        |
| Reward         | 270      |
| Step           | 2200     |
-----------------------------
-----------------------------
| Cost           | 26       |
| EpisodeLength  | 2278     |
| EpisodeScore   | 180      |
| FPS            | 5.65     |
| Loss           | 0        |
| Max score seen | 635      |
| NumAch         | 4        |
| Reward         | 45       |
| Step           | 2300     |
-----------------------------
-----------------------------
| Cost           | 34       |
| EpisodeLength  | 2395     |
| EpisodeScore   | 169      |
| FPS            | 5.66     |
| Loss           | 0        |
| Max score seen | 635      |
| NumAch         | 3        |
| Reward         | 45       |
| Step           | 2400     |
-----------------------------
-----------------------------
| Cost           | 40       |
| EpisodeLength  | 2487     |
| EpisodeScore   | 296      |
| FPS            | 5.66     |
| Loss           | 0        |
| Max score seen | 635      |
| NumAch         | 3        |
| Reward         | 210      |
| Step           | 2500     |
-----------------------------
-----------------------------
| Cost           | 40       |
| EpisodeLength  | 2580     |
| EpisodeScore   | 189      |
| FPS            | 5.66     |
| Loss           | 0        |
| Max score seen | 635      |
| NumAch         | 4        |
| Reward         | 160      |
| Step           | 2600     |
-----------------------------
-----------------------------
| Cost           | 44       |
| EpisodeLength  | 2677     |
| EpisodeScore   | 350      |
| FPS            | 5.66     |
| Loss           | 0        |
| Max score seen | 635      |
| NumAch         | 8        |
| Reward         | 380      |
| Step           | 2700     |
-----------------------------
-----------------------------
| Cost           | 34       |
| EpisodeLength  | 2767     |
| EpisodeScore   | 296      |
| FPS            | 5.66     |
| Loss           | 0        |
| Max score seen | 635      |
| NumAch         | 6        |
| Reward         | 270      |
| Step           | 2800     |
-----------------------------
-----------------------------
| Cost           | 41       |
| EpisodeLength  | 2874     |
| EpisodeScore   | 380      |
| FPS            | 5.65     |
| Loss           | 0        |
| Max score seen | 635      |
| NumAch         | 7        |
| Reward         | 400      |
| Step           | 2900     |
-----------------------------
-----------------------------
| Cost           | 37       |
| EpisodeLength  | 2954     |
| EpisodeScore   | 202      |
| FPS            | 5.65     |
| Loss           | 0        |
| Max score seen | 635      |
| NumAch         | 3        |
| Reward         | 60       |
| Step           | 3000     |
-----------------------------
empty cache
-----------------------------
| Cost           | 43       |
| EpisodeLength  | 3037     |
| EpisodeScore   | 258      |
| FPS            | 5.65     |
| Loss           | 0        |
| Max score seen | 635      |
| NumAch         | 3        |
| Reward         | 210      |
| Step           | 3100     |
-----------------------------
-----------------------------
| Cost           | 63       |
| EpisodeLength  | 3199     |
| EpisodeScore   | 229      |
| FPS            | 5.65     |
| Loss           | 0        |
| Max score seen | 635      |
| NumAch         | 5        |
| Reward         | 275      |
| Step           | 3200     |
-----------------------------
-----------------------------
| Cost           | 43       |
| EpisodeLength  | 3285     |
| EpisodeScore   | 96.7     |
| FPS            | 5.65     |
| Loss           | 0        |
| Max score seen | 635      |
| NumAch         | 3        |
| Reward         | 210      |
| Step           | 3300     |
-----------------------------
-----------------------------
| Cost           | 25       |
| EpisodeLength  | 3379     |
| EpisodeScore   | 262      |
| FPS            | 5.65     |
| Loss           | 0        |
| Max score seen | 635      |
| NumAch         | 6        |
| Reward         | 270      |
| Step           | 3400     |
-----------------------------
-----------------------------
| Cost           | 36       |
| EpisodeLength  | 3496     |
| EpisodeScore   | 384      |
| FPS            | 5.65     |
| Loss           | 0        |
| Max score seen | 635      |
| NumAch         | 5        |
| Reward         | 350      |
| Step           | 3500     |
-----------------------------
-----------------------------
| Cost           | 33       |
| EpisodeLength  | 3589     |
| EpisodeScore   | 286      |
| FPS            | 5.65     |
| Loss           | 0        |
| Max score seen | 635      |
| NumAch         | 4        |
| Reward         | 45       |
| Step           | 3600     |
-----------------------------
-----------------------------
| Cost           | 37       |
| EpisodeLength  | 3689     |
| EpisodeScore   | 260      |
| FPS            | 5.65     |
| Loss           | 0        |
| Max score seen | 635      |
| NumAch         | 11       |
| Reward         | 425      |
| Step           | 3700     |
-----------------------------
-----------------------------
| Cost           | 29       |
| EpisodeLength  | 3770     |
| EpisodeScore   | 279      |
| FPS            | 5.65     |
| Loss           | 0        |
| Max score seen | 635      |
| NumAch         | 3        |
| Reward         | 120      |
| Step           | 3800     |
-----------------------------
-----------------------------
| Cost           | 32       |
| EpisodeLength  | 3857     |
| EpisodeScore   | 250      |
| FPS            | 5.65     |
| Loss           | 0        |
| Max score seen | 635      |
| NumAch         | 3        |
| Reward         | 135      |
| Step           | 3900     |
-----------------------------
-----------------------------
| Cost           | 22       |
| EpisodeLength  | 3982     |
| EpisodeScore   | 231      |
| FPS            | 5.65     |
| Loss           | 0        |
| Max score seen | 635      |
| NumAch         | 1        |
| Reward         | 10       |
| Step           | 4000     |
-----------------------------
empty cache
-----------------------------
| Cost           | 48       |
| EpisodeLength  | 4083     |
| EpisodeScore   | 95       |
| FPS            | 5.65     |
| Loss           | 0        |
| Max score seen | 635      |
| NumAch         | 2        |
| Reward         | 20       |
| Step           | 4100     |
-----------------------------
-----------------------------
| Cost           | 30       |
| EpisodeLength  | 4166     |
| EpisodeScore   | 184      |
| FPS            | 5.65     |
| Loss           | 0        |
| Max score seen | 635      |
| NumAch         | 4        |
| Reward         | 145      |
| Step           | 4200     |
-----------------------------
-----------------------------
| Cost           | 49       |
| EpisodeLength  | 4273     |
| EpisodeScore   | 311      |
| FPS            | 5.65     |
| Loss           | 0        |
| Max score seen | 635      |
| NumAch         | 6        |
| Reward         | 285      |
| Step           | 4300     |
-----------------------------
-----------------------------
| Cost           | 24       |
| EpisodeLength  | 4367     |
| EpisodeScore   | 170      |
| FPS            | 5.65     |
| Loss           | 0        |
| Max score seen | 635      |
| NumAch         | 5        |
| Reward         | 70       |
| Step           | 4400     |
-----------------------------
-----------------------------
| Cost           | 36       |
| EpisodeLength  | 4476     |
| EpisodeScore   | 382      |
| FPS            | 5.65     |
| Loss           | 0        |
| Max score seen | 635      |
| NumAch         | 9        |
| Reward         | 390      |
| Step           | 4500     |
-----------------------------
-----------------------------
| Cost           | 36       |
| EpisodeLength  | 4555     |
| EpisodeScore   | 299      |
| FPS            | 5.64     |
| Loss           | 0        |
| Max score seen | 635      |
| NumAch         | 9        |
| Reward         | 480      |
| Step           | 4600     |
-----------------------------
-----------------------------
| Cost           | 39       |
| EpisodeLength  | 4646     |
| EpisodeScore   | 381      |
| FPS            | 5.64     |
| Loss           | 0        |
| Max score seen | 635      |
| NumAch         | 11       |
| Reward         | 590      |
| Step           | 4700     |
-----------------------------
-----------------------------
| Cost           | 40       |
| EpisodeLength  | 4744     |
| EpisodeScore   | 210      |
| FPS            | 5.64     |
| Loss           | 0        |
| Max score seen | 635      |
| NumAch         | 3        |
| Reward         | 210      |
| Step           | 4800     |
-----------------------------
-----------------------------
| Cost           | 45       |
| EpisodeLength  | 4850     |
| EpisodeScore   | 292      |
| FPS            | 5.63     |
| Loss           | 0        |
| Max score seen | 635      |
| NumAch         | 8        |
| Reward         | 305      |
| Step           | 4900     |
-----------------------------
-----------------------------
| Cost           | 44       |
| EpisodeLength  | 4954     |
| EpisodeScore   | 321      |
| FPS            | 5.63     |
| Loss           | 0        |
| Max score seen | 635      |
| NumAch         | 8        |
| Reward         | 440      |
| Step           | 5000     |
-----------------------------
empty cache
-----------------------------
| Cost           | 41       |
| EpisodeLength  | 5091     |
| EpisodeScore   | 264      |
| FPS            | 5.62     |
| Loss           | 0        |
| Max score seen | 635      |
| NumAch         | 7        |
| Reward         | 210      |
| Step           | 5100     |
-----------------------------
-----------------------------
| Cost           | 39       |
| EpisodeLength  | 5199     |
| EpisodeScore   | 251      |
| FPS            | 5.62     |
| Loss           | 0        |
| Max score seen | 635      |
| NumAch         | 5        |
| Reward         | 275      |
| Step           | 5200     |
-----------------------------
-----------------------------
| Cost           | 48       |
| EpisodeLength  | 5280     |
| EpisodeScore   | 246      |
| FPS            | 5.62     |
| Loss           | 0        |
| Max score seen | 635      |
| NumAch         | 4        |
| Reward         | 160      |
| Step           | 5300     |
-----------------------------
-----------------------------
| Cost           | 47       |
| EpisodeLength  | 5374     |
| EpisodeScore   | 164      |
| FPS            | 5.63     |
| Loss           | 0        |
| Max score seen | 635      |
| NumAch         | 3        |
| Reward         | 150      |
| Step           | 5400     |
-----------------------------
-----------------------------
| Cost           | 40       |
| EpisodeLength  | 5468     |
| EpisodeScore   | 225      |
| FPS            | 5.63     |
| Loss           | 0        |
| Max score seen | 635      |
| NumAch         | 5        |
| Reward         | 275      |
| Step           | 5500     |
-----------------------------
-----------------------------
| Cost           | 31       |
| EpisodeLength  | 5599     |
| EpisodeScore   | 306      |
| FPS            | 5.63     |
| Loss           | 0        |
| Max score seen | 635      |
| NumAch         | 6        |
| Reward         | 300      |
| Step           | 5600     |
-----------------------------
-----------------------------
| Cost           | 38       |
| EpisodeLength  | 5676     |
| EpisodeScore   | 253      |
| FPS            | 5.63     |
| Loss           | 0        |
| Max score seen | 635      |
| NumAch         | 7        |
| Reward         | 370      |
| Step           | 5700     |
-----------------------------
-----------------------------
| Cost           | 34       |
| EpisodeLength  | 5761     |
| EpisodeScore   | 224      |
| FPS            | 5.64     |
| Loss           | 0        |
| Max score seen | 635      |
| NumAch         | 7        |
| Reward         | 250      |
| Step           | 5800     |
-----------------------------
-----------------------------
| Cost           | 39       |
| EpisodeLength  | 5864     |
| EpisodeScore   | 222      |
| FPS            | 5.64     |
| Loss           | 0        |
| Max score seen | 635      |
| NumAch         | 8        |
| Reward         | 215      |
| Step           | 5900     |
-----------------------------
-----------------------------
| Cost           | 26       |
| EpisodeLength  | 5988     |
| EpisodeScore   | 218      |
| FPS            | 5.63     |
| Loss           | 0        |
| Max score seen | 635      |
| NumAch         | 3        |
| Reward         | 20       |
| Step           | 6000     |
-----------------------------
empty cache
-----------------------------
| Cost           | 43       |
| EpisodeLength  | 6093     |
| EpisodeScore   | 324      |
| FPS            | 5.63     |
| Loss           | 0        |
| Max score seen | 635      |
| NumAch         | 6        |
| Reward         | 345      |
| Step           | 6100     |
-----------------------------
-----------------------------
| Cost           | 33       |
| EpisodeLength  | 6171     |
| EpisodeScore   | 348      |
| FPS            | 5.63     |
| Loss           | 0        |
| Max score seen | 635      |
| NumAch         | 7        |
| Reward         | 325      |
| Step           | 6200     |
-----------------------------
-----------------------------
| Cost           | 30       |
| EpisodeLength  | 6282     |
| EpisodeScore   | 141      |
| FPS            | 5.63     |
| Loss           | 0        |
| Max score seen | 635      |
| NumAch         | 2        |
| Reward         | 35       |
| Step           | 6300     |
-----------------------------
-----------------------------
| Cost           | 51       |
| EpisodeLength  | 6388     |
| EpisodeScore   | 178      |
| FPS            | 5.63     |
| Loss           | 0        |
| Max score seen | 635      |
| NumAch         | 7        |
| Reward         | 100      |
| Step           | 6400     |
-----------------------------
-----------------------------
| Cost           | 31       |
| EpisodeLength  | 6473     |
| EpisodeScore   | 216      |
| FPS            | 5.63     |
| Loss           | 0        |
| Max score seen | 635      |
| NumAch         | 4        |
| Reward         | 220      |
| Step           | 6500     |
-----------------------------
-----------------------------
| Cost           | 32       |
| EpisodeLength  | 6593     |
| EpisodeScore   | 271      |
| FPS            | 5.63     |
| Loss           | 0        |
| Max score seen | 635      |
| NumAch         | 8        |
| Reward         | 330      |
| Step           | 6600     |
-----------------------------
-----------------------------
| Cost           | 27       |
| EpisodeLength  | 6688     |
| EpisodeScore   | 234      |
| FPS            | 5.63     |
| Loss           | 0        |
| Max score seen | 635      |
| NumAch         | 5        |
| Reward         | 70       |
| Step           | 6700     |
-----------------------------
-----------------------------
| Cost           | 29       |
| EpisodeLength  | 6794     |
| EpisodeScore   | 274      |
| FPS            | 5.63     |
| Loss           | 0        |
| Max score seen | 635      |
| NumAch         | 13       |
| Reward         | 610      |
| Step           | 6800     |
-----------------------------
-----------------------------
| Cost           | 32       |
| EpisodeLength  | 6874     |
| EpisodeScore   | 360      |
| FPS            | 5.63     |
| Loss           | 0        |
| Max score seen | 635      |
| NumAch         | 10       |
| Reward         | 415      |
| Step           | 6900     |
-----------------------------
-----------------------------
| Cost           | 37       |
| EpisodeLength  | 6978     |
| EpisodeScore   | 260      |
| FPS            | 5.64     |
| Loss           | 0        |
| Max score seen | 635      |
| NumAch         | 7        |
| Reward         | 310      |
| Step           | 7000     |
-----------------------------
empty cache
-----------------------------
| Cost           | 36       |
| EpisodeLength  | 7096     |
| EpisodeScore   | 243      |
| FPS            | 5.64     |
| Loss           | 0        |
| Max score seen | 635      |
| NumAch         | 5        |
| Reward         | 185      |
| Step           | 7100     |
-----------------------------
-----------------------------
| Cost           | 34       |
| EpisodeLength  | 7192     |
| EpisodeScore   | 168      |
| FPS            | 5.64     |
| Loss           | 0        |
| Max score seen | 635      |
| NumAch         | 5        |
| Reward         | 260      |
| Step           | 7200     |
-----------------------------
-----------------------------
| Cost           | 40       |
| EpisodeLength  | 7280     |
| EpisodeScore   | 199      |
| FPS            | 5.64     |
| Loss           | 0        |
| Max score seen | 635      |
| NumAch         | 5        |
| Reward         | 260      |
| Step           | 7300     |
-----------------------------
-----------------------------
| Cost           | 36       |
| EpisodeLength  | 7378     |
| EpisodeScore   | 312      |
| FPS            | 5.64     |
| Loss           | 0        |
| Max score seen | 635      |
| NumAch         | 5        |
| Reward         | 260      |
| Step           | 7400     |
-----------------------------
-----------------------------
| Cost           | 51       |
| EpisodeLength  | 7482     |
| EpisodeScore   | 226      |
| FPS            | 5.63     |
| Loss           | 0        |
| Max score seen | 635      |
| NumAch         | 9        |
| Reward         | 450      |
| Step           | 7500     |
-----------------------------
-----------------------------
| Cost           | 38       |
| EpisodeLength  | 7599     |
| EpisodeScore   | 197      |
| FPS            | 5.63     |
| Loss           | 0        |
| Max score seen | 635      |
| NumAch         | 3        |
| Reward         | 135      |
| Step           | 7600     |
-----------------------------
-----------------------------
| Cost           | 45       |
| EpisodeLength  | 7695     |
| EpisodeScore   | 202      |
| FPS            | 5.63     |
| Loss           | 0        |
| Max score seen | 635      |
| NumAch         | 8        |
| Reward         | 320      |
| Step           | 7700     |
-----------------------------
-----------------------------
| Cost           | 36       |
| EpisodeLength  | 7799     |
| EpisodeScore   | 281      |
| FPS            | 5.63     |
| Loss           | 0        |
| Max score seen | 635      |
| NumAch         | 3        |
| Reward         | 120      |
| Step           | 7800     |
-----------------------------
-----------------------------
| Cost           | 39       |
| EpisodeLength  | 7897     |
| EpisodeScore   | 146      |
| FPS            | 5.63     |
| Loss           | 0        |
| Max score seen | 635      |
| NumAch         | 5        |
| Reward         | 80       |
| Step           | 7900     |
-----------------------------
-----------------------------
| Cost           | 32       |
| EpisodeLength  | 7997     |
| EpisodeScore   | 336      |
| FPS            | 5.63     |
| Loss           | 0        |
| Max score seen | 635      |
| NumAch         | 10       |
| Reward         | 490      |
| Step           | 8000     |
-----------------------------
empty cache
-----------------------------
| Cost           | 37       |
| EpisodeLength  | 8097     |
| EpisodeScore   | 231      |
| FPS            | 5.63     |
| Loss           | 0        |
| Max score seen | 635      |
| NumAch         | 9        |
| Reward         | 390      |
| Step           | 8100     |
-----------------------------
-----------------------------
| Cost           | 34       |
| EpisodeLength  | 8192     |
| EpisodeScore   | 243      |
| FPS            | 5.63     |
| Loss           | 0        |
| Max score seen | 635      |
| NumAch         | 7        |
| Reward         | 190      |
| Step           | 8200     |
-----------------------------
-----------------------------
| Cost           | 37       |
| EpisodeLength  | 8276     |
| EpisodeScore   | 270      |
| FPS            | 5.63     |
| Loss           | 0        |
| Max score seen | 635      |
| NumAch         | 6        |
| Reward         | 210      |
| Step           | 8300     |
-----------------------------
-----------------------------
| Cost           | 21       |
| EpisodeLength  | 8392     |
| EpisodeScore   | 351      |
| FPS            | 5.63     |
| Loss           | 0        |
| Max score seen | 635      |
| NumAch         | 9        |
| Reward         | 335      |
| Step           | 8400     |
-----------------------------
-----------------------------
| Cost           | 34       |
| EpisodeLength  | 8496     |
| EpisodeScore   | 171      |
| FPS            | 5.63     |
| Loss           | 0        |
| Max score seen | 635      |
| NumAch         | 4        |
| Reward         | 135      |
| Step           | 8500     |
-----------------------------
-----------------------------
| Cost           | 39       |
| EpisodeLength  | 8580     |
| EpisodeScore   | 300      |
| FPS            | 5.63     |
| Loss           | 0        |
| Max score seen | 640      |
| NumAch         | 2        |
| Reward         | 35       |
| Step           | 8600     |
-----------------------------
-----------------------------
| Cost           | 43       |
| EpisodeLength  | 8674     |
| EpisodeScore   | 155      |
| FPS            | 5.63     |
| Loss           | 0        |
| Max score seen | 640      |
| NumAch         | 4        |
| Reward         | 160      |
| Step           | 8700     |
-----------------------------
-----------------------------
| Cost           | 38       |
| EpisodeLength  | 8776     |
| EpisodeScore   | 281      |
| FPS            | 5.62     |
| Loss           | 0        |
| Max score seen | 640      |
| NumAch         | 6        |
| Reward         | 300      |
| Step           | 8800     |
-----------------------------
-----------------------------
| Cost           | 33       |
| EpisodeLength  | 8881     |
| EpisodeScore   | 274      |
| FPS            | 5.62     |
| Loss           | 0        |
| Max score seen | 640      |
| NumAch         | 6        |
| Reward         | 360      |
| Step           | 8900     |
-----------------------------
-----------------------------
| Cost           | 39       |
| EpisodeLength  | 8969     |
| EpisodeScore   | 322      |
| FPS            | 5.62     |
| Loss           | 0        |
| Max score seen | 640      |
| NumAch         | 4        |
| Reward         | 145      |
| Step           | 9000     |
-----------------------------
empty cache
-----------------------------
| Cost           | 40       |
| EpisodeLength  | 9074     |
| EpisodeScore   | 386      |
| FPS            | 5.62     |
| Loss           | 0        |
| Max score seen | 640      |
| NumAch         | 11       |
| Reward         | 605      |
| Step           | 9100     |
-----------------------------
